# JRE version: OpenJDK Runtime Environment (8.0_242-b01) (build 1.8.0_242-release-1644-b01)
# Java VM: OpenJDK 64-Bit Server VM (25.242-b01 mixed mode windows-amd64 compressed oops)
Heap:
 PSYoungGen      total 589824K, used 4032K [0x00000000d5580000, 0x00000000ff680000, 0x0000000100000000)
  eden space 492544K, 0% used [0x00000000d5580000,0x00000000d5580000,0x00000000f3680000)
  from space 97280K, 4% used [0x00000000f9780000,0x00000000f9b70000,0x00000000ff680000)
  to   space 43520K, 0% used [0x00000000f3680000,0x00000000f3680000,0x00000000f6100000)
 ParOldGen       total 244224K, used 225591K [0x0000000080000000, 0x000000008ee80000, 0x00000000d5580000)
  object space 244224K, 92% used [0x0000000080000000,0x000000008dc4de88,0x000000008ee80000)
 Metaspace       used 165862K, capacity 176062K, committed 176624K, reserved 1202176K
  class space    used 20917K, capacity 22767K, committed 23088K, reserved 1048576K
GC Heap History (10 events):
Event: 6164.249 GC heap before
{Heap before GC invocations=64 (full 5):
 PSYoungGen      total 593920K, used 509920K [0x00000000d5580000, 0x0000000100000000, 0x0000000100000000)
  eden space 489984K, 100% used [0x00000000d5580000,0x00000000f3400000,0x00000000f3400000)
  from space 103936K, 19% used [0x00000000f9a80000,0x00000000fadf8338,0x0000000100000000)
  to   space 104448K, 0% used [0x00000000f3400000,0x00000000f3400000,0x00000000f9a00000)
 ParOldGen       total 244224K, used 157714K [0x0000000080000000, 0x000000008ee80000, 0x00000000d5580000)
  object space 244224K, 64% used [0x0000000080000000,0x0000000089a049e8,0x000000008ee80000)
 Metaspace       used 165775K, capacity 175978K, committed 176368K, reserved 1202176K
  class space    used 20916K, capacity 22765K, committed 23088K, reserved 1048576K
Event: 6164.271 GC heap after
Heap after GC invocations=64 (full 5):
 PSYoungGen      total 594432K, used 19283K [0x00000000d5580000, 0x00000000fff80000, 0x0000000100000000)
  eden space 489984K, 0% used [0x00000000d5580000,0x00000000d5580000,0x00000000f3400000)
  from space 104448K, 18% used [0x00000000f3400000,0x00000000f46d4c78,0x00000000f9a00000)
  to   space 103936K, 0% used [0x00000000f9a00000,0x00000000f9a00000,0x00000000fff80000)
 ParOldGen       total 244224K, used 162268K [0x0000000080000000, 0x000000008ee80000, 0x00000000d5580000)
  object space 244224K, 66% used [0x0000000080000000,0x0000000089e772b8,0x000000008ee80000)
 Metaspace       used 165775K, capacity 175978K, committed 176368K, reserved 1202176K
  class space    used 20916K, capacity 22765K, committed 23088K, reserved 1048576K
}
Event: 6164.724 GC heap before
{Heap before GC invocations=65 (full 5):
 PSYoungGen      total 594432K, used 509267K [0x00000000d5580000, 0x00000000fff80000, 0x0000000100000000)
  eden space 489984K, 100% used [0x00000000d5580000,0x00000000f3400000,0x00000000f3400000)
  from space 104448K, 18% used [0x00000000f3400000,0x00000000f46d4c78,0x00000000f9a00000)
  to   space 103936K, 0% used [0x00000000f9a00000,0x00000000f9a00000,0x00000000fff80000)
 ParOldGen       total 244224K, used 162268K [0x0000000080000000, 0x000000008ee80000, 0x00000000d5580000)
  object space 244224K, 66% used [0x0000000080000000,0x0000000089e772b8,0x000000008ee80000)
 Metaspace       used 165795K, capacity 175978K, committed 176368K, reserved 1202176K
  class space    used 20916K, capacity 22765K, committed 23088K, reserved 1048576K
Event: 6164.740 GC heap after
Heap after GC invocations=65 (full 5):
 PSYoungGen      total 594432K, used 11139K [0x00000000d5580000, 0x00000000fff80000, 0x0000000100000000)
  eden space 490496K, 0% used [0x00000000d5580000,0x00000000d5580000,0x00000000f3480000)
  from space 103936K, 10% used [0x00000000f9a00000,0x00000000fa4e0c00,0x00000000fff80000)
  to   space 103936K, 0% used [0x00000000f3480000,0x00000000f3480000,0x00000000f9a00000)
 ParOldGen       total 244224K, used 168332K [0x0000000080000000, 0x000000008ee80000, 0x00000000d5580000)
  object space 244224K, 68% used [0x0000000080000000,0x000000008a4632d8,0x000000008ee80000)
 Metaspace       used 165795K, capacity 175978K, committed 176368K, reserved 1202176K
  class space    used 20916K, capacity 22765K, committed 23088K, reserved 1048576K
}
Event: 6165.347 GC heap before
{Heap before GC invocations=66 (full 5):
 PSYoungGen      total 594432K, used 501635K [0x00000000d5580000, 0x00000000fff80000, 0x0000000100000000)
  eden space 490496K, 100% used [0x00000000d5580000,0x00000000f3480000,0x00000000f3480000)
  from space 103936K, 10% used [0x00000000f9a00000,0x00000000fa4e0c00,0x00000000fff80000)
  to   space 103936K, 0% used [0x00000000f3480000,0x00000000f3480000,0x00000000f9a00000)
 ParOldGen       total 244224K, used 168332K [0x0000000080000000, 0x000000008ee80000, 0x00000000d5580000)
  object space 244224K, 68% used [0x0000000080000000,0x000000008a4632d8,0x000000008ee80000)
 Metaspace       used 165827K, capacity 176046K, committed 176624K, reserved 1202176K
  class space    used 20916K, capacity 22765K, committed 23088K, reserved 1048576K
Event: 6165.363 GC heap after
Heap after GC invocations=66 (full 5):
 PSYoungGen      total 502784K, used 11862K [0x00000000d5580000, 0x00000000ffe00000, 0x0000000100000000)
  eden space 490496K, 0% used [0x00000000d5580000,0x00000000d5580000,0x00000000f3480000)
  from space 12288K, 96% used [0x00000000f3480000,0x00000000f4015820,0x00000000f4080000)
  to   space 102912K, 0% used [0x00000000f9980000,0x00000000f9980000,0x00000000ffe00000)
 ParOldGen       total 244224K, used 171822K [0x0000000080000000, 0x000000008ee80000, 0x00000000d5580000)
  object space 244224K, 70% used [0x0000000080000000,0x000000008a7cbb70,0x000000008ee80000)
 Metaspace       used 165827K, capacity 176046K, committed 176624K, reserved 1202176K
  class space    used 20916K, capacity 22765K, committed 23088K, reserved 1048576K
}
Event: 6165.856 GC heap before
{Heap before GC invocations=67 (full 5):
 PSYoungGen      total 502784K, used 502358K [0x00000000d5580000, 0x00000000ffe00000, 0x0000000100000000)
  eden space 490496K, 100% used [0x00000000d5580000,0x00000000f3480000,0x00000000f3480000)
  from space 12288K, 96% used [0x00000000f3480000,0x00000000f4015820,0x00000000f4080000)
  to   space 102912K, 0% used [0x00000000f9980000,0x00000000f9980000,0x00000000ffe00000)
 ParOldGen       total 244224K, used 171822K [0x0000000080000000, 0x000000008ee80000, 0x00000000d5580000)
  object space 244224K, 70% used [0x0000000080000000,0x000000008a7cbb70,0x000000008ee80000)
 Metaspace       used 165843K, capacity 176050K, committed 176624K, reserved 1202176K
  class space    used 20916K, capacity 22765K, committed 23088K, reserved 1048576K
Event: 6165.872 GC heap after
Heap after GC invocations=67 (full 5):
 PSYoungGen      total 595456K, used 12560K [0x00000000d5580000, 0x0000000100000000, 0x0000000100000000)
  eden space 492544K, 0% used [0x00000000d5580000,0x00000000d5580000,0x00000000f3680000)
  from space 102912K, 12% used [0x00000000f9980000,0x00000000fa5c4020,0x00000000ffe00000)
  to   space 101376K, 0% used [0x00000000f3680000,0x00000000f3680000,0x00000000f9980000)
 ParOldGen       total 244224K, used 178051K [0x0000000080000000, 0x000000008ee80000, 0x00000000d5580000)
  object space 244224K, 72% used [0x0000000080000000,0x000000008ade0e00,0x000000008ee80000)
 Metaspace       used 165843K, capacity 176050K, committed 176624K, reserved 1202176K
  class space    used 20916K, capacity 22765K, committed 23088K, reserved 1048576K
}
Event: 6166.480 GC heap before
{Heap before GC invocations=68 (full 5):
 PSYoungGen      total 595456K, used 505104K [0x00000000d5580000, 0x0000000100000000, 0x0000000100000000)
  eden space 492544K, 100% used [0x00000000d5580000,0x00000000f3680000,0x00000000f3680000)
  from space 102912K, 12% used [0x00000000f9980000,0x00000000fa5c4020,0x00000000ffe00000)
  to   space 101376K, 0% used [0x00000000f3680000,0x00000000f3680000,0x00000000f9980000)
 ParOldGen       total 244224K, used 178051K [0x0000000080000000, 0x000000008ee80000, 0x00000000d5580000)
  object space 244224K, 72% used [0x0000000080000000,0x000000008ade0e00,0x000000008ee80000)
 Metaspace       used 165855K, capacity 176056K, committed 176624K, reserved 1202176K
  class space    used 20917K, capacity 22766K, committed 23088K, reserved 1048576K
Event: 6166.503 GC heap after
Heap after GC invocations=68 (full 5):
 PSYoungGen      total 536064K, used 43155K [0x00000000d5580000, 0x00000000ff680000, 0x0000000100000000)
  eden space 492544K, 0% used [0x00000000d5580000,0x00000000d5580000,0x00000000f3680000)
  from space 43520K, 99% used [0x00000000f3680000,0x00000000f60a4cb8,0x00000000f6100000)
  to   space 97280K, 0% used [0x00000000f9780000,0x00000000f9780000,0x00000000ff680000)
 ParOldGen       total 244224K, used 186662K [0x0000000080000000, 0x000000008ee80000, 0x00000000d5580000)
  object space 244224K, 76% used [0x0000000080000000,0x000000008b649bb0,0x000000008ee80000)
 Metaspace       used 165855K, capacity 176056K, committed 176624K, reserved 1202176K
  class space    used 20917K, capacity 22766K, committed 23088K, reserved 1048576K
}

